<?xml version="1.0" encoding="UTF-8"?>
<!-- Generated by org.testng.reporters.JUnitReportReporter -->
<testsuite hostname="Laxmaiah-PC" failures="0" tests="1" name="com.github.FacebookLogin" time="10.967" errors="0" timestamp="06 May 2022 04:58:24 GMT" skipped="0">
  <testcase classname="com.github.FacebookLogin" name="FaceBooklogin" time="10.967"/>
</testsuite> <!-- com.github.FacebookLogin -->
